[GIN-debug] [WARNING] Creating an Engine instance with the Logger and Recovery middleware already attached.

[GIN-debug] [WARNING] Running in "debug" mode. Switch to "release" mode in production.
 - using env:	export GIN_MODE=release
 - using code:	gin.SetMode(gin.ReleaseMode)

[GIN-debug] GET    /swagger/*any             --> github.com/swaggo/gin-swagger.CustomWrapHandler.func1 (4 handlers)
[GIN-debug] GET    /register                 --> main.main.func1 (4 handlers)
[GIN-debug] POST   /register                 --> main.main.func1 (4 handlers)
[GIN-debug] PUT    /register                 --> main.main.func1 (4 handlers)
[GIN-debug] PATCH  /register                 --> main.main.func1 (4 handlers)
[GIN-debug] HEAD   /register                 --> main.main.func1 (4 handlers)
[GIN-debug] OPTIONS /register                 --> main.main.func1 (4 handlers)
[GIN-debug] DELETE /register                 --> main.main.func1 (4 handlers)
[GIN-debug] CONNECT /register                 --> main.main.func1 (4 handlers)
[GIN-debug] TRACE  /register                 --> main.main.func1 (4 handlers)
[GIN-debug] GET    /login                    --> main.main.func2 (4 handlers)
[GIN-debug] POST   /login                    --> main.main.func2 (4 handlers)
[GIN-debug] PUT    /login                    --> main.main.func2 (4 handlers)
[GIN-debug] PATCH  /login                    --> main.main.func2 (4 handlers)
[GIN-debug] HEAD   /login                    --> main.main.func2 (4 handlers)
[GIN-debug] OPTIONS /login                    --> main.main.func2 (4 handlers)
[GIN-debug] DELETE /login                    --> main.main.func2 (4 handlers)
[GIN-debug] CONNECT /login                    --> main.main.func2 (4 handlers)
[GIN-debug] TRACE  /login                    --> main.main.func2 (4 handlers)
[GIN-debug] GET    /profile                  --> main.main.func3 (5 handlers)
[GIN-debug] POST   /profile                  --> main.main.func3 (5 handlers)
[GIN-debug] PUT    /profile                  --> main.main.func3 (5 handlers)
[GIN-debug] PATCH  /profile                  --> main.main.func3 (5 handlers)
[GIN-debug] HEAD   /profile                  --> main.main.func3 (5 handlers)
[GIN-debug] OPTIONS /profile                  --> main.main.func3 (5 handlers)
[GIN-debug] DELETE /profile                  --> main.main.func3 (5 handlers)
[GIN-debug] CONNECT /profile                  --> main.main.func3 (5 handlers)
[GIN-debug] TRACE  /profile                  --> main.main.func3 (5 handlers)
[GIN-debug] GET    /profile/avatar           --> main.main.func4 (5 handlers)
[GIN-debug] POST   /profile/avatar           --> main.main.func4 (5 handlers)
[GIN-debug] PUT    /profile/avatar           --> main.main.func4 (5 handlers)
[GIN-debug] PATCH  /profile/avatar           --> main.main.func4 (5 handlers)
[GIN-debug] HEAD   /profile/avatar           --> main.main.func4 (5 handlers)
[GIN-debug] OPTIONS /profile/avatar           --> main.main.func4 (5 handlers)
[GIN-debug] DELETE /profile/avatar           --> main.main.func4 (5 handlers)
[GIN-debug] CONNECT /profile/avatar           --> main.main.func4 (5 handlers)
[GIN-debug] TRACE  /profile/avatar           --> main.main.func4 (5 handlers)
[GIN-debug] GET    /users/search             --> main.main.func5 (5 handlers)
[GIN-debug] POST   /users/search             --> main.main.func5 (5 handlers)
[GIN-debug] PUT    /users/search             --> main.main.func5 (5 handlers)
[GIN-debug] PATCH  /users/search             --> main.main.func5 (5 handlers)
[GIN-debug] HEAD   /users/search             --> main.main.func5 (5 handlers)
[GIN-debug] OPTIONS /users/search             --> main.main.func5 (5 handlers)
[GIN-debug] DELETE /users/search             --> main.main.func5 (5 handlers)
[GIN-debug] CONNECT /users/search             --> main.main.func5 (5 handlers)
[GIN-debug] TRACE  /users/search             --> main.main.func5 (5 handlers)
[GIN-debug] GET    /users/suggestions        --> main.main.func6 (5 handlers)
[GIN-debug] POST   /users/suggestions        --> main.main.func6 (5 handlers)
[GIN-debug] PUT    /users/suggestions        --> main.main.func6 (5 handlers)
[GIN-debug] PATCH  /users/suggestions        --> main.main.func6 (5 handlers)
[GIN-debug] HEAD   /users/suggestions        --> main.main.func6 (5 handlers)
[GIN-debug] OPTIONS /users/suggestions        --> main.main.func6 (5 handlers)
[GIN-debug] DELETE /users/suggestions        --> main.main.func6 (5 handlers)
[GIN-debug] CONNECT /users/suggestions        --> main.main.func6 (5 handlers)
[GIN-debug] TRACE  /users/suggestions        --> main.main.func6 (5 handlers)
[GIN-debug] GET    /friends/request          --> main.main.func7 (5 handlers)
[GIN-debug] POST   /friends/request          --> main.main.func7 (5 handlers)
[GIN-debug] PUT    /friends/request          --> main.main.func7 (5 handlers)
[GIN-debug] PATCH  /friends/request          --> main.main.func7 (5 handlers)
[GIN-debug] HEAD   /friends/request          --> main.main.func7 (5 handlers)
[GIN-debug] OPTIONS /friends/request          --> main.main.func7 (5 handlers)
[GIN-debug] DELETE /friends/request          --> main.main.func7 (5 handlers)
[GIN-debug] CONNECT /friends/request          --> main.main.func7 (5 handlers)
[GIN-debug] TRACE  /friends/request          --> main.main.func7 (5 handlers)
[GIN-debug] GET    /friends/request/:id/accept --> main.main.func8 (5 handlers)
[GIN-debug] POST   /friends/request/:id/accept --> main.main.func8 (5 handlers)
[GIN-debug] PUT    /friends/request/:id/accept --> main.main.func8 (5 handlers)
[GIN-debug] PATCH  /friends/request/:id/accept --> main.main.func8 (5 handlers)
[GIN-debug] HEAD   /friends/request/:id/accept --> main.main.func8 (5 handlers)
[GIN-debug] OPTIONS /friends/request/:id/accept --> main.main.func8 (5 handlers)
[GIN-debug] DELETE /friends/request/:id/accept --> main.main.func8 (5 handlers)
[GIN-debug] CONNECT /friends/request/:id/accept --> main.main.func8 (5 handlers)
[GIN-debug] TRACE  /friends/request/:id/accept --> main.main.func8 (5 handlers)
[GIN-debug] GET    /friends/request/:id/reject --> main.main.func9 (5 handlers)
[GIN-debug] POST   /friends/request/:id/reject --> main.main.func9 (5 handlers)
[GIN-debug] PUT    /friends/request/:id/reject --> main.main.func9 (5 handlers)
[GIN-debug] PATCH  /friends/request/:id/reject --> main.main.func9 (5 handlers)
[GIN-debug] HEAD   /friends/request/:id/reject --> main.main.func9 (5 handlers)
[GIN-debug] OPTIONS /friends/request/:id/reject --> main.main.func9 (5 handlers)
[GIN-debug] DELETE /friends/request/:id/reject --> main.main.func9 (5 handlers)
[GIN-debug] CONNECT /friends/request/:id/reject --> main.main.func9 (5 handlers)
[GIN-debug] TRACE  /friends/request/:id/reject --> main.main.func9 (5 handlers)
[GIN-debug] GET    /friends                  --> main.main.func10 (5 handlers)
[GIN-debug] POST   /friends                  --> main.main.func10 (5 handlers)
[GIN-debug] PUT    /friends                  --> main.main.func10 (5 handlers)
[GIN-debug] PATCH  /friends                  --> main.main.func10 (5 handlers)
[GIN-debug] HEAD   /friends                  --> main.main.func10 (5 handlers)
[GIN-debug] OPTIONS /friends                  --> main.main.func10 (5 handlers)
[GIN-debug] DELETE /friends                  --> main.main.func10 (5 handlers)
[GIN-debug] CONNECT /friends                  --> main.main.func10 (5 handlers)
[GIN-debug] TRACE  /friends                  --> main.main.func10 (5 handlers)
[GIN-debug] GET    /friends/:id              --> main.main.func11 (5 handlers)
[GIN-debug] POST   /friends/:id              --> main.main.func11 (5 handlers)
[GIN-debug] PUT    /friends/:id              --> main.main.func11 (5 handlers)
[GIN-debug] PATCH  /friends/:id              --> main.main.func11 (5 handlers)
[GIN-debug] HEAD   /friends/:id              --> main.main.func11 (5 handlers)
[GIN-debug] OPTIONS /friends/:id              --> main.main.func11 (5 handlers)
[GIN-debug] DELETE /friends/:id              --> main.main.func11 (5 handlers)
[GIN-debug] CONNECT /friends/:id              --> main.main.func11 (5 handlers)
[GIN-debug] TRACE  /friends/:id              --> main.main.func11 (5 handlers)
[GIN-debug] GET    /events                   --> main.main.func12 (4 handlers)
[GIN-debug] POST   /events                   --> main.main.func12 (4 handlers)
[GIN-debug] PUT    /events                   --> main.main.func12 (4 handlers)
[GIN-debug] PATCH  /events                   --> main.main.func12 (4 handlers)
[GIN-debug] HEAD   /events                   --> main.main.func12 (4 handlers)
[GIN-debug] OPTIONS /events                   --> main.main.func12 (4 handlers)
[GIN-debug] DELETE /events                   --> main.main.func12 (4 handlers)
[GIN-debug] CONNECT /events                   --> main.main.func12 (4 handlers)
[GIN-debug] TRACE  /events                   --> main.main.func12 (4 handlers)
[GIN-debug] GET    /events/:id               --> main.main.func13 (4 handlers)
[GIN-debug] POST   /events/:id               --> main.main.func13 (4 handlers)
[GIN-debug] PUT    /events/:id               --> main.main.func13 (4 handlers)
[GIN-debug] PATCH  /events/:id               --> main.main.func13 (4 handlers)
[GIN-debug] HEAD   /events/:id               --> main.main.func13 (4 handlers)
[GIN-debug] OPTIONS /events/:id               --> main.main.func13 (4 handlers)
[GIN-debug] DELETE /events/:id               --> main.main.func13 (4 handlers)
[GIN-debug] CONNECT /events/:id               --> main.main.func13 (4 handlers)
[GIN-debug] TRACE  /events/:id               --> main.main.func13 (4 handlers)
[GIN-debug] GET    /events/nearby            --> main.main.func14 (4 handlers)
[GIN-debug] POST   /events/nearby            --> main.main.func14 (4 handlers)
[GIN-debug] PUT    /events/nearby            --> main.main.func14 (4 handlers)
[GIN-debug] PATCH  /events/nearby            --> main.main.func14 (4 handlers)
[GIN-debug] HEAD   /events/nearby            --> main.main.func14 (4 handlers)
[GIN-debug] OPTIONS /events/nearby            --> main.main.func14 (4 handlers)
[GIN-debug] DELETE /events/nearby            --> main.main.func14 (4 handlers)
[GIN-debug] CONNECT /events/nearby            --> main.main.func14 (4 handlers)
[GIN-debug] TRACE  /events/nearby            --> main.main.func14 (4 handlers)
[GIN-debug] GET    /events/upcoming          --> main.main.func15 (4 handlers)
[GIN-debug] POST   /events/upcoming          --> main.main.func15 (4 handlers)
[GIN-debug] PUT    /events/upcoming          --> main.main.func15 (4 handlers)
[GIN-debug] PATCH  /events/upcoming          --> main.main.func15 (4 handlers)
[GIN-debug] HEAD   /events/upcoming          --> main.main.func15 (4 handlers)
[GIN-debug] OPTIONS /events/upcoming          --> main.main.func15 (4 handlers)
[GIN-debug] DELETE /events/upcoming          --> main.main.func15 (4 handlers)
[GIN-debug] CONNECT /events/upcoming          --> main.main.func15 (4 handlers)
[GIN-debug] TRACE  /events/upcoming          --> main.main.func15 (4 handlers)
[GIN-debug] GET    /events/:id/register      --> main.main.func16 (5 handlers)
[GIN-debug] POST   /events/:id/register      --> main.main.func16 (5 handlers)
[GIN-debug] PUT    /events/:id/register      --> main.main.func16 (5 handlers)
[GIN-debug] PATCH  /events/:id/register      --> main.main.func16 (5 handlers)
[GIN-debug] HEAD   /events/:id/register      --> main.main.func16 (5 handlers)
[GIN-debug] OPTIONS /events/:id/register      --> main.main.func16 (5 handlers)
[GIN-debug] DELETE /events/:id/register      --> main.main.func16 (5 handlers)
[GIN-debug] CONNECT /events/:id/register      --> main.main.func16 (5 handlers)
[GIN-debug] TRACE  /events/:id/register      --> main.main.func16 (5 handlers)
[GIN-debug] GET    /events/:id/unregister    --> main.main.func17 (5 handlers)
[GIN-debug] POST   /events/:id/unregister    --> main.main.func17 (5 handlers)
[GIN-debug] PUT    /events/:id/unregister    --> main.main.func17 (5 handlers)
[GIN-debug] PATCH  /events/:id/unregister    --> main.main.func17 (5 handlers)
[GIN-debug] HEAD   /events/:id/unregister    --> main.main.func17 (5 handlers)
[GIN-debug] OPTIONS /events/:id/unregister    --> main.main.func17 (5 handlers)
[GIN-debug] DELETE /events/:id/unregister    --> main.main.func17 (5 handlers)
[GIN-debug] CONNECT /events/:id/unregister    --> main.main.func17 (5 handlers)
[GIN-debug] TRACE  /events/:id/unregister    --> main.main.func17 (5 handlers)
[GIN-debug] GET    /events/:id/attendees     --> main.main.func18 (5 handlers)
[GIN-debug] POST   /events/:id/attendees     --> main.main.func18 (5 handlers)
[GIN-debug] PUT    /events/:id/attendees     --> main.main.func18 (5 handlers)
[GIN-debug] PATCH  /events/:id/attendees     --> main.main.func18 (5 handlers)
[GIN-debug] HEAD   /events/:id/attendees     --> main.main.func18 (5 handlers)
[GIN-debug] OPTIONS /events/:id/attendees     --> main.main.func18 (5 handlers)
[GIN-debug] DELETE /events/:id/attendees     --> main.main.func18 (5 handlers)
[GIN-debug] CONNECT /events/:id/attendees     --> main.main.func18 (5 handlers)
[GIN-debug] TRACE  /events/:id/attendees     --> main.main.func18 (5 handlers)
[GIN-debug] GET    /events/user              --> main.main.func19 (5 handlers)
[GIN-debug] POST   /events/user              --> main.main.func19 (5 handlers)
[GIN-debug] PUT    /events/user              --> main.main.func19 (5 handlers)
[GIN-debug] PATCH  /events/user              --> main.main.func19 (5 handlers)
[GIN-debug] HEAD   /events/user              --> main.main.func19 (5 handlers)
[GIN-debug] OPTIONS /events/user              --> main.main.func19 (5 handlers)
[GIN-debug] DELETE /events/user              --> main.main.func19 (5 handlers)
[GIN-debug] CONNECT /events/user              --> main.main.func19 (5 handlers)
[GIN-debug] TRACE  /events/user              --> main.main.func19 (5 handlers)
[GIN-debug] GET    /messages                 --> main.main.func20 (4 handlers)
[GIN-debug] POST   /messages                 --> main.main.func20 (4 handlers)
[GIN-debug] PUT    /messages                 --> main.main.func20 (4 handlers)
[GIN-debug] PATCH  /messages                 --> main.main.func20 (4 handlers)
[GIN-debug] HEAD   /messages                 --> main.main.func20 (4 handlers)
[GIN-debug] OPTIONS /messages                 --> main.main.func20 (4 handlers)
[GIN-debug] DELETE /messages                 --> main.main.func20 (4 handlers)
[GIN-debug] CONNECT /messages                 --> main.main.func20 (4 handlers)
[GIN-debug] TRACE  /messages                 --> main.main.func20 (4 handlers)
[GIN-debug] GET    /messages/group/:group_id --> main.main.func21 (4 handlers)
[GIN-debug] POST   /messages/group/:group_id --> main.main.func21 (4 handlers)
[GIN-debug] PUT    /messages/group/:group_id --> main.main.func21 (4 handlers)
[GIN-debug] PATCH  /messages/group/:group_id --> main.main.func21 (4 handlers)
[GIN-debug] HEAD   /messages/group/:group_id --> main.main.func21 (4 handlers)
[GIN-debug] OPTIONS /messages/group/:group_id --> main.main.func21 (4 handlers)
[GIN-debug] DELETE /messages/group/:group_id --> main.main.func21 (4 handlers)
[GIN-debug] CONNECT /messages/group/:group_id --> main.main.func21 (4 handlers)
[GIN-debug] TRACE  /messages/group/:group_id --> main.main.func21 (4 handlers)
2026/03/16 11:32:39 API Gateway starting on port 8080
[GIN-debug] [WARNING] You trusted all proxies, this is NOT safe. We recommend you to set a value.
Please check https://github.com/gin-gonic/gin/blob/master/docs/doc.md#dont-trust-all-proxies for details.
[GIN-debug] Listening and serving HTTP on :8080
[GIN] 2026/03/16 - 11:55:43 | 204 | 894.123µs |             ::1 | OPTIONS  "/events/nearby?lat=55.7558&lng=37.6173&radius=50"
[GIN] 2026/03/16 - 11:55:43 | 204 |   4.04ms |             ::1 | OPTIONS  "/events?limit=20&offset=0"
[GIN] 2026/03/16 - 11:55:43 | 400 |  14.23ms |             ::1 | GET      "/events/nearby?lat=55.7558&lng=37.6173&radius=50"
[GIN] 2026/03/16 - 11:55:43 | 200 |  16.31ms |             ::1 | GET      "/events?limit=20&offset=0"
[GIN] 2026/03/16 - 11:55:44 | 400 | 402.214µs |             ::1 | GET      "/events/nearby?lat=55.7558&lng=37.6173&radius=50"
[GIN] 2026/03/16 - 11:55:44 | 200 |   2.36ms |             ::1 | GET      "/events?limit=20&offset=0"
[GIN] 2026/03/16 - 11:55:46 | 400 | 703.381µs |             ::1 | GET      "/events/nearby?lat=55.7558&lng=37.6173&radius=50"
[GIN] 2026/03/16 - 11:55:46 | 200 |  28.39ms |             ::1 | GET      "/events?limit=20&offset=0"
[GIN] 2026/03/16 - 11:55:50 | 204 |  6.628µs |             ::1 | OPTIONS  "/events/nearby?lat=55.7558&lng=37.6173&radius=50"
[GIN] 2026/03/16 - 11:55:50 | 400 | 361.681µs |             ::1 | GET      "/events/nearby?lat=55.7558&lng=37.6173&radius=50"
[GIN] 2026/03/16 - 11:55:50 | 204 |    7.6µs |             ::1 | OPTIONS  "/events?limit=20&offset=0"
[GIN] 2026/03/16 - 11:55:50 | 200 |    2.6ms |             ::1 | GET      "/events?limit=20&offset=0"
[GIN] 2026/03/16 - 11:57:50 | 204 | 20.864µs |             ::1 | OPTIONS  "/events?limit=20&offset=0"
[GIN] 2026/03/16 - 11:57:50 | 204 | 60.583µs |             ::1 | OPTIONS  "/events/nearby?lat=55.7558&lng=37.6173&radius=50"
[GIN] 2026/03/16 - 11:57:50 | 400 | 271.14ms |             ::1 | GET      "/events/nearby?lat=55.7558&lng=37.6173&radius=50"
[GIN] 2026/03/16 - 11:57:50 | 200 | 389.47ms |             ::1 | GET      "/events?limit=20&offset=0"
[GIN] 2026/03/16 - 11:57:51 | 400 | 304.685µs |             ::1 | GET      "/events/nearby?lat=55.7558&lng=37.6173&radius=50"
[GIN] 2026/03/16 - 11:57:51 | 200 |   7.23ms |             ::1 | GET      "/events?limit=20&offset=0"
[GIN] 2026/03/16 - 12:45:44 | 204 |   2.02ms |             ::1 | OPTIONS  "/events/nearby?lat=55.7558&lng=37.6173&radius=50"
[GIN] 2026/03/16 - 12:45:44 | 204 |      2ms |             ::1 | OPTIONS  "/events?limit=20&offset=0"
[GIN] 2026/03/16 - 12:45:44 | 400 | 207.92ms |             ::1 | GET      "/events/nearby?lat=55.7558&lng=37.6173&radius=50"
[GIN] 2026/03/16 - 12:45:45 | 200 | 299.43ms |             ::1 | GET      "/events?limit=20&offset=0"
[GIN] 2026/03/16 - 12:46:56 | 204 | 35.153µs |             ::1 | OPTIONS  "/events/nearby?lat=55.7558&lng=37.6173&radius=50"
[GIN] 2026/03/16 - 12:46:56 | 204 | 10.162µs |             ::1 | OPTIONS  "/events?limit=20&offset=0"
[GIN] 2026/03/16 - 12:46:56 | 400 |   46.7ms |             ::1 | GET      "/events/nearby?lat=55.7558&lng=37.6173&radius=50"
[GIN] 2026/03/16 - 12:46:56 | 200 |  38.21ms |             ::1 | GET      "/events?limit=20&offset=0"
[GIN] 2026/03/16 - 12:46:57 | 400 |   5.52ms |             ::1 | GET      "/events/nearby?lat=55.7558&lng=37.6173&radius=50"
[GIN] 2026/03/16 - 12:46:57 | 200 |   6.82ms |             ::1 | GET      "/events?limit=20&offset=0"
[GIN] 2026/03/16 - 12:46:59 | 400 |   7.83ms |             ::1 | GET      "/events/nearby?lat=55.7558&lng=37.6173&radius=50"
[GIN] 2026/03/16 - 12:46:59 | 200 |  21.97ms |             ::1 | GET      "/events?limit=20&offset=0"
[GIN] 2026/03/16 - 12:47:03 | 204 | 10.245µs |             ::1 | OPTIONS  "/events/nearby?lat=55.7558&lng=37.6173&radius=50"
[GIN] 2026/03/16 - 12:47:03 | 400 |   7.36ms |             ::1 | GET      "/events/nearby?lat=55.7558&lng=37.6173&radius=50"
[GIN] 2026/03/16 - 12:47:03 | 204 | 11.794µs |             ::1 | OPTIONS  "/events?limit=20&offset=0"
[GIN] 2026/03/16 - 12:47:04 | 200 |   8.91ms |             ::1 | GET      "/events?limit=20&offset=0"
